<?xml version="1.0" encoding="UTF-8"?>
<testng-results skipped="0" failed="0" ignored="1" total="2" passed="1">
  <reporter-output>
  </reporter-output>
  <suite name="All Test Suite" duration-ms="1102" started-at="2021-12-22T02:13:41 MSK" finished-at="2021-12-22T02:13:42 MSK">
    <groups>
    </groups>
    <test name="C:/Java/ExercisesJava/ExercisesMaven" duration-ms="1102" started-at="2021-12-22T02:13:41 MSK" finished-at="2021-12-22T02:13:42 MSK">
      <class name="parameters.MyTest">
        <test-method status="PASS" signature="myTestProgram(java.lang.String)[pri:0, instance:parameters.MyTest@14bf9759]" name="myTestProgram" duration-ms="1033" started-at="2021-12-22T02:13:41 MSK" finished-at="2021-12-22T02:13:42 MSK">
          <params>
            <param index="0">
              <value>
                <![CDATA[Dmitriy]]>
              </value>
            </param>
          </params>
          <reporter-output>
          </reporter-output>
        </test-method> <!-- myTestProgram -->
      </class> <!-- parameters.MyTest -->
    </test> <!-- C:/Java/ExercisesJava/ExercisesMaven -->
  </suite> <!-- All Test Suite -->
</testng-results>
