<?xml version="1.0" encoding="UTF-8"?>
<testng-results skipped="0" failed="1" ignored="0" total="1" passed="0">
  <reporter-output>
  </reporter-output>
  <suite name="Default Suite" duration-ms="62" started-at="2021-10-22T00:02:01 MSK" finished-at="2021-10-22T00:02:02 MSK">
    <groups>
    </groups>
    <test name="ExercisesJava" duration-ms="62" started-at="2021-10-22T00:02:01 MSK" finished-at="2021-10-22T00:02:02 MSK">
      <class name="MyTest">
        <test-method status="FAIL" signature="myTestProgram(java.lang.String)[pri:0, instance:MyTest@204f30ec]" name="myTestProgram" duration-ms="0" started-at="2021-10-22T00:02:02 MSK" finished-at="2021-10-22T00:02:02 MSK">
          <exception class="org.testng.TestNGException">
            <message>
              <![CDATA[
Parameter 'myName' is required by @Test on method myTestProgram but has not been marked @Optional or defined
in D:\Users\Zver\AppData\Local\JetBrains\IdeaIC2021.1\temp-testng-customsuite.xml]]>
            </message>
            <full-stacktrace>
              <![CDATA[org.testng.TestNGException: 
Parameter 'myName' is required by @Test on method myTestProgram but has not been marked @Optional or defined
in D:\Users\Zver\AppData\Local\JetBrains\IdeaIC2021.1\temp-testng-customsuite.xml
at org.testng.internal.Parameters.createParams(Parameters.java:270)
at org.testng.internal.Parameters.createParametersForMethod(Parameters.java:358)
at org.testng.internal.Parameters.createParameters(Parameters.java:700)
at org.testng.internal.Parameters.handleParameters(Parameters.java:884)
at org.testng.internal.Parameters.handleParameters(Parameters.java:740)
at org.testng.internal.ParameterHandler.handleParameters(ParameterHandler.java:59)
at org.testng.internal.ParameterHandler.createParameters(ParameterHandler.java:38)
at org.testng.internal.TestInvoker$MethodInvocationAgent.invoke(TestInvoker.java:791)
at org.testng.internal.TestInvoker.invokeTestMethods(TestInvoker.java:146)
at org.testng.internal.TestMethodWorker.invokeTestMethods(TestMethodWorker.java:146)
at org.testng.internal.TestMethodWorker.run(TestMethodWorker.java:128)
at java.util.ArrayList.forEach(ArrayList.java:1259)
at org.testng.TestRunner.privateRun(TestRunner.java:794)
at org.testng.TestRunner.run(TestRunner.java:596)
at org.testng.SuiteRunner.runTest(SuiteRunner.java:377)
at org.testng.SuiteRunner.runSequentially(SuiteRunner.java:371)
at org.testng.SuiteRunner.privateRun(SuiteRunner.java:332)
at org.testng.SuiteRunner.run(SuiteRunner.java:276)
at org.testng.SuiteRunnerWorker.runSuite(SuiteRunnerWorker.java:53)
at org.testng.SuiteRunnerWorker.run(SuiteRunnerWorker.java:96)
at org.testng.TestNG.runSuitesSequentially(TestNG.java:1212)
at org.testng.TestNG.runSuitesLocally(TestNG.java:1134)
at org.testng.TestNG.runSuites(TestNG.java:1063)
at org.testng.TestNG.run(TestNG.java:1031)
at com.intellij.rt.testng.IDEARemoteTestNG.run(IDEARemoteTestNG.java:66)
at com.intellij.rt.testng.RemoteTestNGStarter.main(RemoteTestNGStarter.java:109)
]]>
            </full-stacktrace>
          </exception> <!-- org.testng.TestNGException -->
          <reporter-output>
          </reporter-output>
        </test-method> <!-- myTestProgram -->
      </class> <!-- MyTest -->
    </test> <!-- ExercisesJava -->
  </suite> <!-- Default Suite -->
</testng-results>
